zX+ePVYBB12ef1KYauZl9vN4Mxxb3SjkyzgmNqZDCAJXIRJV/cP4OB2pdWbQyMauUVFwJicVv/+yxR5HSJTR16UTIH8sFfIfve9FGlD6UIPXzsyFtJQ38XCQhXGtrBwFwon0fwtiK6694+NrcGA6hDJBVkSAysBgG/uipa8MKK9toIr6LPljfW00wXJLllCZLPqXepHOnAR6E+hLTyPXQytBfw==
Ehl2FRYe7WspjaBBUHiO0W6EIs6HUWDm0qHl/pZjpzKM1MYrqNqKwCswbSl2c125CZnlRKSJ078LZ3G/4bGJcYUsdyK8ha4bQR6eo6tZuET7cZjyR0iIZzc7yYvB9t5IFExbZO2F1FEm2/EZCk0Gk0r607WzqggzvXSA1aTxJSAnvOxmFN4C2xulajgUPCIvTrvb3z1qx+wxEkFA
lKedeBTQjUpau7245xxoWP3gm6nMoL2pxupcc5W7/tVF4+NBI0ua0YXkTBec1otttGvNfWI3/DxaMVjfqORwfjGpcCUSBkKuHrqlVmGt2z0jkTf5IHdK3SFmJl9OXVxRwnsG3ZiLD7+3DlrSGmdVbg7hvrx9JQIANyVHpDbBoAmWuyFqwfoPc5G/Okgw4PDh1KDK4sp06asQMcXEAquP4Gh+hjEJaV9kM+bBPhp9LtpVHhtm1tAIA9ofpat9h0lBHQ==
eafS1RXDtEPkB6nqilHrQkKhxq7Fp511rYOtiJYRbBzSspfezYIPxdU7hedV3kAvq+3XqTH1tWdhU+kyZ9i4g7YpvTD+yZ+vcAa3z2go4y4w9au1SQFVYHYquJKL3qnDDKMatdEz/nsOkUYE46/XjPDh4TpAH3CnTYLLInwckFiaaWcLitKgSmrtgoWrhRmM//4tHEFK
eFZO6xbmHAme4Q6eEJgUVZgRheAwUTlaqqOqINyLpISs1vVdfVrp3Tbl5JhCFn9qjbfn4cU/jRN1qgjre0m/HbFB3cOxl6FGRyywh6YNVQS+fXcL4II/O8hcq+rg0cOBSTU9RKbu8OYrKiFHnAfyAZEHFl8elU7ww9ufSCBFiY7AqxgDnUaDVlzomFyKTY8/ymZI7vppCnEL8VFIL9pFKEF+
CePwLd4Fvd8slr5EM+xdm5gRheAwUTlaqqOqINyLpISsx/1Te1Xojzbl5JhCFn9qjbTn4cU/jRN1qgjre0m/HbFB3cOxl6FGRyywh6YNVQS+fXcL4II/O8hcq+rg0cOBSTU9RKbu8OYrKiFHnAfyAZEHFl8elU7ww9ufSCBFiY7AqxgDnUaDVlzomFyKTY8/ymZI7vppCnEL8VFIL9pFKEF+
m8yieOAqxL1kzWX7NGXr1Czljcba7JwNEekVIUUwcdWS5z+32MWt5CB1cY4OJyzCjEuHku3TkNB5sDQbljGsvFISV77NYU9lVZvFx1W+AM8rjReJMdV1B+GzqVJn+PgjNon90P6pXw/wpnfvaMgjTrAV65VJIRWA9kp4cov+aWOMA9rV0dO+244xBiTjz5dscIEhGkA/sMfNYotCfDzQ+BrJJ+uKsmDq6k1Cpatl2ex/Hm08QWo=
eZfFw49xjrT3NtyiTxF7OcAiLf3Bo8MqKjK/DAEvG35VdZGlmzYGrn56BdaB7fs9QVGUecA3at1Bpobfrh18UeK7Zl04y++/l846UrontW4uId483WXiABflJySWgUAJdvuB6qE6L3Nx/5rIUCDQ4TTgamKqtMmr8HFlRGJrr+BIPmaxqak/ZBOmIb66vU7adV775nYQaAP6X0Ur3UcpQX0=
UP6fjiF8DtsZVfl7bk+6AxJqA7PdzSKsaMwRPolahCHKm7bQ4NL+UnxLlGsWgcxMEkK3rs13L7WV6yV31U6gf+vdN5kxxVVXIQMJoudIGFP2WZ3A/rm/X7BWF1/ouIP+8MXLhUkxNVC2+tgCC04Jk8xTOsXRw94LTkHmlGM/N9yw0QEKQC+Qlw3SK7L8jDCI2hlH+4qigLqqvSIVKxV5XD/OTSxBeg==
khJ6Plrl9aHRpauU4wldpK5rOQxH1Su30To4JrUEFCFXLBI6m62RIhS+bG7v/uvJGR0hdX5RquO4jRNyTJfk2b4RIH8sFfIfve9FGlD6UIPXzsyFtJQ38XCQhXGtrBwFwon0fwtiK6694+NrcGA6hDJBVkSAysBgG/uipa8MKK9toIr6LPljfW00wXJLllCZLPqXepHOnAR6E+hLTyPXQytBfw==
0eVY5KqmWXN5LL9T583ZvsgkQWZJgtQJKrPG6P/gwCjZKMSz1tmcpLIqB1ZNDZ9dNYP1r5UWcFeL9cehMf2lf0Er2fqnkMg7VrEtuH5BDzcQvkcHKGDT1hDtu71JCUV4VtKI2ssWWXtsO4o9Ubtu4+4pNkwjZ+f00PnxMkAXYL9t+vvqvFTg4Hrx94MKWjDSClVyTevNKXTf5j0UQUI=
xRI7jCrsxFUCWI+lQdI+xyh0daIMGj54Zgv0EAQ0L262yn12aX1jvd7GPBl4x6KdCXZe/8YthFGai459YJsnf9++grISty3utrG2nCXVqkDfNX9EvnF4CU4LqYr56uczOU9iaDiwSGGscMKCEsSBazghPWSKW9fgsA4OkXF5dyTbVpneEi3WWu3OE0YOoKDDsg+dy/U3EUFF
8yLUf1hRo2Fi/wCzbLEE3YgsU8/z4Ua0Tc1nPRv0m0/oa4UTpdLizazc+k0JbIxHdq0UICKO7+INO3B5JYf927XiOBNbUa8VsUnN25FvkQ6H5MA/RpXFjD7155OAOs9ziJSbksDJ04lJPS1chpbALmti0f/8n2KJEY+Gx/4tPjgDk6+wAF2ZhsCjCBu9vrMenCDo5GrVH7dK7th2mtH6OUs5YTAPwlUgQXY=
j8OWRmjRZgIZfRAhY/3ecMrmuf2/aVpueP67r+x5aAUybPnrlCmvZE0sXXgyjenyzP7UnrdeA3mRnaoC1rHyU0DNS6J098zJthEobwT1yk9lLz2qiJr4c19ORDXcNO+ByFDdIVWMdBXKifxvY0LT/uUjWxuowFI0usHetCiqGNBjO3r1l+wAv2WgguoEmVutNXQ5whN2+Omkeh/KeW7E9MJTMJs3Az9TI0F3
TIqzRcFrLovna9L1HUD+ot/m4CYjGrTQW7A2NF8T+PRlNqeQrem8oo1MzXMnkvLpfYfNBUikqY3SZSXdl6SQaO8RSpLfdt1RKTsPh98ddqQeYM5JMDpyRba+xaA8Gh7HFEZaqFpuVvaC+XzVXJ7INgOOF4EdXaY7Q+EGO9xtd4ogB7jR+pHkd/CFHmdZj6FC/EpsS1MOyE3IZFsp1LChyQG8wI0GiTD313KHFpnDR7MckEZMNoHSjLx6bDj/m0bdQ5z0p6kgzvJwaQ+FCdSlqucmbNGoupMybb5wXN4zzPPjM4vLb0E7
kagwFlKocMj2pAy+EH2tiPSEyRM26j5nJ7XMYR8CwRXL0e+jwVInKqJyvpfqn+S9XRkrT1ZJfBTy+icmTf25DPUzlT8VhtCny6UnkTHNRS8B23lqJwCoi5bhDUh+MS/nUA6nl6jwc6bQPduNSTklqJaiKEpLhrnLLOuqTVFLTrMumVbco/dHBJCpEQJAJ4DvLQpbejzEgFC6oddzCioQAkrlkt1rXYkEHzZdJEFy
3VnAp7U2418vYBPcxxPZ0IW3iAsf4GHNPZunAsw8sUgALgEsUXvU4cl7kI4aQvnmzSU/fQmYWQl8z8695T4aTyKV+NFmM+rNpFNLXzO2hqL2b3GuamkSDKFdBiBz/Ts0molECXLzjfq9IktTlcfm+JxolCHwqCaSFsxtS1Tp+dTu4ytgzLbqITUxmwS3Xp3OdnUKmrGWt9aKKAwjHkdZO9FPLUF5
k+3KYoMjcEcFUfQzCO9za4SJmGwHHheO1AQjqefq6NToUWRK9eUm9/COWgxjdK3UxgntVaH9Rdg8HUMzg+PxAxkF+d1tiBd+ZFH+V4na3t+TrYgo05W47l9cmGs/P8m3ucIuZHxou7i10QSdbp8x5bI5tn/innMpKz6YvzXwAGlcRVWMzxiMOswKUpfTYSpELMgSQ2Zf+8MlftfgORZBfA==
l1WrFqR9c6nbqUfFY8voN57mtuCEF4XaCO2GY3gyKqi7uO2h7hX9UdnRpQx0YfPXG29xt/HZqZlVZDdqbG0Oc9GWHis7MRisKznYupegqA8nM8mD0Z7+oMQEGyw9bXQ5tlNxkZolpnuaspP9Y0IoW618gN20mQXI9/SsLsQ2orOLLeqwhFSCx57zm5ftgueEIRpBSA==
X2jh/IocqF7HMhMCNZRJwGc2dgmEBWGCZD78jr++2ykJHTVQgJH6QygNoxL8VzT5zhHQX3xVQv8Nb9W6gLogo8fO3OWEVOeR4BB10d3szOXyicSf2yJbDk1jcwugoArkIkFGZPCKEMCLexJFH0x4j52g+tr8OdMd3bRR0htWoLk8+oeaoY7M5OqTmOu/44cjG0FP
S0oMxxjPCMXiaJVK8b5F+JzmtvGGAYHaCO2GY3gyKqi7uO2j7hX9UdnRpQx0YfPXG29xt/HZqZlVZDdqbG0Oc9GWHis7MRisKznYupegqA8nM8mD0Z7+oMQEGyw9bXQ5tlNxkZolpnuaspP9Y0IoW618gN20mQXI9/SsLsQ2orOLLeqwhFSCx57zm5ftgueEIRpBSA==
49orvA9Ng7N2YZys2fZit2c2cB+YGGGCZD78jr++2ykJHTNQgJH6QygNoxL8VzT5zhHQX3xVQv8Nb9W6gLogo8fO3OWEVOeR4BB10d3szOXyicSf2yJbDk1jcwugoArkIkFGZPCKEMCLexJFH0x4j52g+tr8OdMd3bRR0htWoLk8+oeaoY7M5OqTmOu/44cjG0FP
kP/2kNh+wcYq3u31Wk2MpWc2cQmKHWGCZD78jr++2ykJHTJQgJH6QygNoxL8VzT5zhHQX3xVQv8Nb9W6gLogo8fO3OWEVOeR4BB10d3szOXyicSf2yJbDk1jcwugoArkIkFGZPCKEMCLexJFH0x4j52g+tr8OdMd3bRR0htWoLk8+oeaoY7M5OqTmOu/44cjG0FP
be16dzxWEzTlLPAcAh8F/hwlKhscLdeg7o14IAg9sM2YrOVqehTybb7e/87hpFYtKgVGWwgKypDLAG0ZnSwdaanpZbQE2RNva1dxj4FhSSEl3PdSHFXuS6EunpNLCfiUWwEYAucYSLdXC8m7oSYeGLS82xRNVZQBxuvxKeodRkPqilNFE/rI491EgOXEIeVwh0xsFrQOQov7lWoI9Gxi/+7LWy+dOgc8USJBcA==
/Nz2Ptuimgvsm15AEcfHz9bVdQtpmhfLWdLbkHs3xW6CVoNDMxQ0NhE6nJ37Vq6tJfiDkgQnLOaauqiBO0s/XHrSoDG2DXRR6qt+PRA71/9PHlLyQpc97qZRZtx1NTrAb9XPBI6RSAl+65nKSQpXs6mvMijoUFhhvFCSwsJkEevIgU0kenun4EAuflGB2QekS/bJHsINxlr9rkOG3sAwQwJvLQvFVyFBdQ==
HKmzXceU9QA1niXJXpJ4RdbVdQtpmhfLWdLbkHs3xW6CVoNDMxQ0NhE6nJ37Vq6tJfiDkgQnLOaauqiBO0s/XHrSoDG2DXRR6qt+PRA71/9PHlLyQpc97qZRZtx1NTrAb9XPBI6RSAl+65nKSQpXs6mvMijoUFhhvFCSwsJkEevIgU0kenun4EAuflGB2QekQ/DJH8INxlr9rkOG3sAwQwJvLQvFVyFBdQ==
YZ9Hhrn/sydYMZqsOAETrzEI6amF1V6+SzKwqbA7x4uA1qGV23hfY7KUEovQXVxVPMChx1iS+RRlK21x4bUwsnVEc4eRiWlJ9RS3msw9TqMxph4b2+FY/IvJWMo3cGhfRwPJs7HOPnBkdJvcnT006VZjcaF69eYrOkITjcOS6AvNTIDt1MnFGFeELNVlZuNjax3qgGSEwpc+AxvnTVIn1EEqQXg=
